current directory: /Users/alafazam/repos/alafazam.github.io/_vendor/bundle/ruby/3.3.0/gems/json-2.10.2/ext/json/ext/parser
/Users/alafazam/.rbenv/versions/3.3.8/bin/ruby extconf.rb
checking for rb_enc_interned_str() in ruby.h... yes
checking for rb_hash_new_capa() in ruby.h... yes
checking for rb_hash_bulk_insert() in ruby.h... yes
checking for rb_category_warn() in ruby.h... yes
checking for strnlen() in string.h... yes
checking for whether -std=c99 is accepted as CFLAGS... yes
creating Makefile

current directory: /Users/alafazam/repos/alafazam.github.io/_vendor/bundle/ruby/3.3.0/gems/json-2.10.2/ext/json/ext/parser
make DESTDIR\= sitearchdir\=./.gem.20250415-2417-2t1ril sitelibdir\=./.gem.20250415-2417-2t1ril clean

current directory: /Users/alafazam/repos/alafazam.github.io/_vendor/bundle/ruby/3.3.0/gems/json-2.10.2/ext/json/ext/parser
make DESTDIR\= sitearchdir\=./.gem.20250415-2417-2t1ril sitelibdir\=./.gem.20250415-2417-2t1ril
compiling parser.c
linking shared-object json/ext/parser.bundle

current directory: /Users/alafazam/repos/alafazam.github.io/_vendor/bundle/ruby/3.3.0/gems/json-2.10.2/ext/json/ext/parser
make DESTDIR\= sitearchdir\=./.gem.20250415-2417-2t1ril sitelibdir\=./.gem.20250415-2417-2t1ril install
/usr/bin/install -c -m 0755 parser.bundle ./.gem.20250415-2417-2t1ril/json/ext

current directory: /Users/alafazam/repos/alafazam.github.io/_vendor/bundle/ruby/3.3.0/gems/json-2.10.2/ext/json/ext/parser
make DESTDIR\= sitearchdir\=./.gem.20250415-2417-2t1ril sitelibdir\=./.gem.20250415-2417-2t1ril clean
